# JRE version: Java(TM) SE Runtime Environment 18.9 (11.0.9+7) (build 11.0.9+7-LTS)
# Java VM: Java HotSpot(TM) 64-Bit Server VM 18.9 (11.0.9+7-LTS, mixed mode, tiered, compressed oops, parallel gc, windows-amd64)
Heap:
 PSYoungGen      total 23552K, used 5619K [0x00000000eab00000, 0x00000000ec580000, 0x0000000100000000)
  eden space 22016K, 20% used [0x00000000eab00000,0x00000000eaf64f48,0x00000000ec080000)
  from space 1536K, 72% used [0x00000000ec400000,0x00000000ec518000,0x00000000ec580000)
  to   space 1536K, 0% used [0x00000000ec280000,0x00000000ec280000,0x00000000ec400000)
 ParOldGen       total 68608K, used 27523K [0x00000000c0000000, 0x00000000c4300000, 0x00000000eab00000)
  object space 68608K, 40% used [0x00000000c0000000,0x00000000c1ae0d28,0x00000000c4300000)
 Metaspace       used 41502K, capacity 43627K, committed 44032K, reserved 1089536K
  class space    used 4290K, capacity 4991K, committed 5120K, reserved 1048576K
GC Heap History (10 events):
Event: 3.134 GC heap before
{Heap before GC invocations=13 (full 3):
 PSYoungGen      total 28672K, used 28288K [0x00000000eab00000, 0x00000000ecc80000, 0x0000000100000000)
  eden space 23040K, 100% used [0x00000000eab00000,0x00000000ec180000,0x00000000ec180000)
  from space 5632K, 93% used [0x00000000ec200000,0x00000000ec720020,0x00000000ec780000)
  to   space 5120K, 0% used [0x00000000ec780000,0x00000000ec780000,0x00000000ecc80000)
 ParOldGen       total 68608K, used 15446K [0x00000000c0000000, 0x00000000c4300000, 0x00000000eab00000)
  object space 68608K, 22% used [0x00000000c0000000,0x00000000c0f15a30,0x00000000c4300000)
 Metaspace       used 35757K, capacity 37925K, committed 38272K, reserved 1085440K
  class space    used 3553K, capacity 4291K, committed 4480K, reserved 1048576K
}
Event: 3.140 GC heap after
{Heap after GC invocations=13 (full 3):
 PSYoungGen      total 27648K, used 4320K [0x00000000eab00000, 0x00000000ecc00000, 0x0000000100000000)
  eden space 23040K, 0% used [0x00000000eab00000,0x00000000eab00000,0x00000000ec180000)
  from space 4608K, 93% used [0x00000000ec780000,0x00000000ecbb8020,0x00000000ecc00000)
  to   space 5120K, 0% used [0x00000000ec200000,0x00000000ec200000,0x00000000ec700000)
 ParOldGen       total 68608K, used 18242K [0x00000000c0000000, 0x00000000c4300000, 0x00000000eab00000)
  object space 68608K, 26% used [0x00000000c0000000,0x00000000c11d08c8,0x00000000c4300000)
 Metaspace       used 35757K, capacity 37925K, committed 38272K, reserved 1085440K
  class space    used 3553K, capacity 4291K, committed 4480K, reserved 1048576K
}
Event: 3.183 GC heap before
{Heap before GC invocations=14 (full 3):
 PSYoungGen      total 27648K, used 27360K [0x00000000eab00000, 0x00000000ecc00000, 0x0000000100000000)
  eden space 23040K, 100% used [0x00000000eab00000,0x00000000ec180000,0x00000000ec180000)
  from space 4608K, 93% used [0x00000000ec780000,0x00000000ecbb8020,0x00000000ecc00000)
  to   space 5120K, 0% used [0x00000000ec200000,0x00000000ec200000,0x00000000ec700000)
 ParOldGen       total 68608K, used 18244K [0x00000000c0000000, 0x00000000c4300000, 0x00000000eab00000)
  object space 68608K, 26% used [0x00000000c0000000,0x00000000c11d1340,0x00000000c4300000)
 Metaspace       used 36108K, capacity 38238K, committed 38528K, reserved 1085440K
  class space    used 3608K, capacity 4329K, committed 4480K, reserved 1048576K
}
Event: 3.188 GC heap after
{Heap after GC invocations=14 (full 3):
 PSYoungGen      total 24576K, used 2048K [0x00000000eab00000, 0x00000000ec800000, 0x0000000100000000)
  eden space 22528K, 0% used [0x00000000eab00000,0x00000000eab00000,0x00000000ec100000)
  from space 2048K, 100% used [0x00000000ec200000,0x00000000ec400000,0x00000000ec400000)
  to   space 3072K, 0% used [0x00000000ec500000,0x00000000ec500000,0x00000000ec800000)
 ParOldGen       total 68608K, used 22544K [0x00000000c0000000, 0x00000000c4300000, 0x00000000eab00000)
  object space 68608K, 32% used [0x00000000c0000000,0x00000000c1604150,0x00000000c4300000)
 Metaspace       used 36108K, capacity 38238K, committed 38528K, reserved 1085440K
  class space    used 3608K, capacity 4329K, committed 4480K, reserved 1048576K
}
Event: 3.238 GC heap before
{Heap before GC invocations=15 (full 3):
 PSYoungGen      total 24576K, used 24576K [0x00000000eab00000, 0x00000000ec800000, 0x0000000100000000)
  eden space 22528K, 100% used [0x00000000eab00000,0x00000000ec100000,0x00000000ec100000)
  from space 2048K, 100% used [0x00000000ec200000,0x00000000ec400000,0x00000000ec400000)
  to   space 3072K, 0% used [0x00000000ec500000,0x00000000ec500000,0x00000000ec800000)
 ParOldGen       total 68608K, used 22544K [0x00000000c0000000, 0x00000000c4300000, 0x00000000eab00000)
  object space 68608K, 32% used [0x00000000c0000000,0x00000000c1604150,0x00000000c4300000)
 Metaspace       used 36676K, capacity 38730K, committed 39040K, reserved 1085440K
  class space    used 3657K, capacity 4365K, committed 4480K, reserved 1048576K
}
Event: 3.242 GC heap after
{Heap after GC invocations=15 (full 3):
 PSYoungGen      total 24576K, used 2444K [0x00000000eab00000, 0x00000000ec780000, 0x0000000100000000)
  eden space 22016K, 0% used [0x00000000eab00000,0x00000000eab00000,0x00000000ec080000)
  from space 2560K, 95% used [0x00000000ec500000,0x00000000ec763240,0x00000000ec780000)
  to   space 2560K, 0% used [0x00000000ec280000,0x00000000ec280000,0x00000000ec500000)
 ParOldGen       total 68608K, used 24534K [0x00000000c0000000, 0x00000000c4300000, 0x00000000eab00000)
  object space 68608K, 35% used [0x00000000c0000000,0x00000000c17f59d0,0x00000000c4300000)
 Metaspace       used 36676K, capacity 38730K, committed 39040K, reserved 1085440K
  class space    used 3657K, capacity 4365K, committed 4480K, reserved 1048576K
}
Event: 3.495 GC heap before
{Heap before GC invocations=16 (full 3):
 PSYoungGen      total 24576K, used 24460K [0x00000000eab00000, 0x00000000ec780000, 0x0000000100000000)
  eden space 22016K, 100% used [0x00000000eab00000,0x00000000ec080000,0x00000000ec080000)
  from space 2560K, 95% used [0x00000000ec500000,0x00000000ec763240,0x00000000ec780000)
  to   space 2560K, 0% used [0x00000000ec280000,0x00000000ec280000,0x00000000ec500000)
 ParOldGen       total 68608K, used 24534K [0x00000000c0000000, 0x00000000c4300000, 0x00000000eab00000)
  object space 68608K, 35% used [0x00000000c0000000,0x00000000c17f59d0,0x00000000c4300000)
 Metaspace       used 38766K, capacity 40933K, committed 41344K, reserved 1087488K
  class space    used 3922K, capacity 4628K, committed 4736K, reserved 1048576K
}
Event: 3.498 GC heap after
{Heap after GC invocations=16 (full 3):
 PSYoungGen      total 23040K, used 864K [0x00000000eab00000, 0x00000000ec580000, 0x0000000100000000)
  eden space 22016K, 0% used [0x00000000eab00000,0x00000000eab00000,0x00000000ec080000)
  from space 1024K, 84% used [0x00000000ec280000,0x00000000ec358000,0x00000000ec380000)
  to   space 1536K, 0% used [0x00000000ec400000,0x00000000ec400000,0x00000000ec580000)
 ParOldGen       total 68608K, used 26771K [0x00000000c0000000, 0x00000000c4300000, 0x00000000eab00000)
  object space 68608K, 39% used [0x00000000c0000000,0x00000000c1a24d28,0x00000000c4300000)
 Metaspace       used 38766K, capacity 40933K, committed 41344K, reserved 1087488K
  class space    used 3922K, capacity 4628K, committed 4736K, reserved 1048576K
}
Event: 3.748 GC heap before
{Heap before GC invocations=17 (full 3):
 PSYoungGen      total 23040K, used 22880K [0x00000000eab00000, 0x00000000ec580000, 0x0000000100000000)
  eden space 22016K, 100% used [0x00000000eab00000,0x00000000ec080000,0x00000000ec080000)
  from space 1024K, 84% used [0x00000000ec280000,0x00000000ec358000,0x00000000ec380000)
  to   space 1536K, 0% used [0x00000000ec400000,0x00000000ec400000,0x00000000ec580000)
 ParOldGen       total 68608K, used 26771K [0x00000000c0000000, 0x00000000c4300000, 0x00000000eab00000)
  object space 68608K, 39% used [0x00000000c0000000,0x00000000c1a24d28,0x00000000c4300000)
 Metaspace       used 41142K, capacity 43339K, committed 43776K, reserved 1089536K
  class space    used 4235K, capacity 4959K, committed 5120K, reserved 1048576K
}
Event: 3.750 GC heap after
{Heap after GC invocations=17 (full 3):
 PSYoungGen      total 23552K, used 1120K [0x00000000eab00000, 0x00000000ec580000, 0x0000000100000000)
  eden space 22016K, 0% used [0x00000000eab00000,0x00000000eab00000,0x00000000ec080000)
  from space 1536K, 72% used [0x00000000ec400000,0x00000000ec518000,0x00000000ec580000)
  to   space 1536K, 0% used [0x00000000ec280000,0x00000000ec280000,0x00000000ec400000)
 ParOldGen       total 68608K, used 27523K [0x00000000c0000000, 0x00000000c4300000, 0x00000000eab00000)
  object space 68608K, 40% used [0x00000000c0000000,0x00000000c1ae0d28,0x00000000c4300000)
 Metaspace       used 41142K, capacity 43339K, committed 43776K, reserved 1089536K
  class space    used 4235K, capacity 4959K, committed 5120K, reserved 1048576K
}

