# JRE version: Java(TM) SE Runtime Environment 18.9 (11.0.9+7) (build 11.0.9+7-LTS)
# Java VM: Java HotSpot(TM) 64-Bit Server VM 18.9 (11.0.9+7-LTS, mixed mode, tiered, compressed oops, parallel gc, windows-amd64)
Heap:
 PSYoungGen      total 23040K, used 21478K [0x00000000eab00000, 0x00000000ec500000, 0x0000000100000000)
  eden space 22016K, 95% used [0x00000000eab00000,0x00000000ebf99a10,0x00000000ec080000)
  from space 1024K, 37% used [0x00000000ec300000,0x00000000ec360000,0x00000000ec400000)
  to   space 1024K, 0% used [0x00000000ec400000,0x00000000ec400000,0x00000000ec500000)
 ParOldGen       total 68608K, used 32327K [0x00000000c0000000, 0x00000000c4300000, 0x00000000eab00000)
  object space 68608K, 47% used [0x00000000c0000000,0x00000000c1f91f38,0x00000000c4300000)
 Metaspace       used 43594K, capacity 45863K, committed 45952K, reserved 1089536K
  class space    used 4501K, capacity 5234K, committed 5248K, reserved 1048576K
GC Heap History (10 events):
Event: 12.955 GC heap before
{Heap before GC invocations=17 (full 2):
 PSYoungGen      total 23552K, used 23232K [0x00000000eab00000, 0x00000000ec680000, 0x0000000100000000)
  eden space 22016K, 100% used [0x00000000eab00000,0x00000000ec080000,0x00000000ec080000)
  from space 1536K, 79% used [0x00000000ec500000,0x00000000ec630000,0x00000000ec680000)
  to   space 2560K, 0% used [0x00000000ec180000,0x00000000ec180000,0x00000000ec400000)
 ParOldGen       total 68608K, used 30527K [0x00000000c0000000, 0x00000000c4300000, 0x00000000eab00000)
  object space 68608K, 44% used [0x00000000c0000000,0x00000000c1dcff28,0x00000000c4300000)
 Metaspace       used 42994K, capacity 45299K, committed 45440K, reserved 1089536K
  class space    used 4451K, capacity 5219K, committed 5248K, reserved 1048576K
}
Event: 12.956 GC heap after
{Heap after GC invocations=17 (full 2):
 PSYoungGen      total 24576K, used 384K [0x00000000eab00000, 0x00000000ec580000, 0x0000000100000000)
  eden space 22016K, 0% used [0x00000000eab00000,0x00000000eab00000,0x00000000ec080000)
  from space 2560K, 15% used [0x00000000ec180000,0x00000000ec1e0000,0x00000000ec400000)
  to   space 1024K, 0% used [0x00000000ec480000,0x00000000ec480000,0x00000000ec580000)
 ParOldGen       total 68608K, used 30759K [0x00000000c0000000, 0x00000000c4300000, 0x00000000eab00000)
  object space 68608K, 44% used [0x00000000c0000000,0x00000000c1e09f28,0x00000000c4300000)
 Metaspace       used 42994K, capacity 45299K, committed 45440K, reserved 1089536K
  class space    used 4451K, capacity 5219K, committed 5248K, reserved 1048576K
}
Event: 15.353 GC heap before
{Heap before GC invocations=18 (full 2):
 PSYoungGen      total 24576K, used 22400K [0x00000000eab00000, 0x00000000ec580000, 0x0000000100000000)
  eden space 22016K, 100% used [0x00000000eab00000,0x00000000ec080000,0x00000000ec080000)
  from space 2560K, 15% used [0x00000000ec180000,0x00000000ec1e0000,0x00000000ec400000)
  to   space 1024K, 0% used [0x00000000ec480000,0x00000000ec480000,0x00000000ec580000)
 ParOldGen       total 68608K, used 30759K [0x00000000c0000000, 0x00000000c4300000, 0x00000000eab00000)
  object space 68608K, 44% used [0x00000000c0000000,0x00000000c1e09f28,0x00000000c4300000)
 Metaspace       used 43016K, capacity 45299K, committed 45440K, reserved 1089536K
  class space    used 4451K, capacity 5219K, committed 5248K, reserved 1048576K
}
Event: 15.354 GC heap after
{Heap after GC invocations=18 (full 2):
 PSYoungGen      total 22528K, used 448K [0x00000000eab00000, 0x00000000ec500000, 0x0000000100000000)
  eden space 22016K, 0% used [0x00000000eab00000,0x00000000eab00000,0x00000000ec080000)
  from space 512K, 87% used [0x00000000ec480000,0x00000000ec4f0000,0x00000000ec500000)
  to   space 512K, 0% used [0x00000000ec400000,0x00000000ec400000,0x00000000ec480000)
 ParOldGen       total 68608K, used 30911K [0x00000000c0000000, 0x00000000c4300000, 0x00000000eab00000)
  object space 68608K, 45% used [0x00000000c0000000,0x00000000c1e2ff28,0x00000000c4300000)
 Metaspace       used 43016K, capacity 45299K, committed 45440K, reserved 1089536K
  class space    used 4451K, capacity 5219K, committed 5248K, reserved 1048576K
}
Event: 19.214 GC heap before
{Heap before GC invocations=19 (full 2):
 PSYoungGen      total 22528K, used 22464K [0x00000000eab00000, 0x00000000ec500000, 0x0000000100000000)
  eden space 22016K, 100% used [0x00000000eab00000,0x00000000ec080000,0x00000000ec080000)
  from space 512K, 87% used [0x00000000ec480000,0x00000000ec4f0000,0x00000000ec500000)
  to   space 512K, 0% used [0x00000000ec400000,0x00000000ec400000,0x00000000ec480000)
 ParOldGen       total 68608K, used 30911K [0x00000000c0000000, 0x00000000c4300000, 0x00000000eab00000)
  object space 68608K, 45% used [0x00000000c0000000,0x00000000c1e2ff28,0x00000000c4300000)
 Metaspace       used 43055K, capacity 45300K, committed 45440K, reserved 1089536K
  class space    used 4452K, capacity 5219K, committed 5248K, reserved 1048576K
}
Event: 19.216 GC heap after
{Heap after GC invocations=19 (full 2):
 PSYoungGen      total 22528K, used 480K [0x00000000eab00000, 0x00000000ec500000, 0x0000000100000000)
  eden space 22016K, 0% used [0x00000000eab00000,0x00000000eab00000,0x00000000ec080000)
  from space 512K, 93% used [0x00000000ec400000,0x00000000ec478010,0x00000000ec480000)
  to   space 512K, 0% used [0x00000000ec480000,0x00000000ec480000,0x00000000ec500000)
 ParOldGen       total 68608K, used 31519K [0x00000000c0000000, 0x00000000c4300000, 0x00000000eab00000)
  object space 68608K, 45% used [0x00000000c0000000,0x00000000c1ec7f28,0x00000000c4300000)
 Metaspace       used 43055K, capacity 45300K, committed 45440K, reserved 1089536K
  class space    used 4452K, capacity 5219K, committed 5248K, reserved 1048576K
}
Event: 22.326 GC heap before
{Heap before GC invocations=20 (full 2):
 PSYoungGen      total 22528K, used 22496K [0x00000000eab00000, 0x00000000ec500000, 0x0000000100000000)
  eden space 22016K, 100% used [0x00000000eab00000,0x00000000ec080000,0x00000000ec080000)
  from space 512K, 93% used [0x00000000ec400000,0x00000000ec478010,0x00000000ec480000)
  to   space 512K, 0% used [0x00000000ec480000,0x00000000ec480000,0x00000000ec500000)
 ParOldGen       total 68608K, used 31519K [0x00000000c0000000, 0x00000000c4300000, 0x00000000eab00000)
  object space 68608K, 45% used [0x00000000c0000000,0x00000000c1ec7f28,0x00000000c4300000)
 Metaspace       used 43076K, capacity 45364K, committed 45440K, reserved 1089536K
  class space    used 4452K, capacity 5219K, committed 5248K, reserved 1048576K
}
Event: 22.328 GC heap after
{Heap after GC invocations=20 (full 2):
 PSYoungGen      total 22528K, used 480K [0x00000000eab00000, 0x00000000ec500000, 0x0000000100000000)
  eden space 22016K, 0% used [0x00000000eab00000,0x00000000eab00000,0x00000000ec080000)
  from space 512K, 93% used [0x00000000ec480000,0x00000000ec4f8010,0x00000000ec500000)
  to   space 1024K, 0% used [0x00000000ec300000,0x00000000ec300000,0x00000000ec400000)
 ParOldGen       total 68608K, used 31959K [0x00000000c0000000, 0x00000000c4300000, 0x00000000eab00000)
  object space 68608K, 46% used [0x00000000c0000000,0x00000000c1f35f28,0x00000000c4300000)
 Metaspace       used 43076K, capacity 45364K, committed 45440K, reserved 1089536K
  class space    used 4452K, capacity 5219K, committed 5248K, reserved 1048576K
}
Event: 23.760 GC heap before
{Heap before GC invocations=21 (full 2):
 PSYoungGen      total 22528K, used 22496K [0x00000000eab00000, 0x00000000ec500000, 0x0000000100000000)
  eden space 22016K, 100% used [0x00000000eab00000,0x00000000ec080000,0x00000000ec080000)
  from space 512K, 93% used [0x00000000ec480000,0x00000000ec4f8010,0x00000000ec500000)
  to   space 1024K, 0% used [0x00000000ec300000,0x00000000ec300000,0x00000000ec400000)
 ParOldGen       total 68608K, used 31959K [0x00000000c0000000, 0x00000000c4300000, 0x00000000eab00000)
  object space 68608K, 46% used [0x00000000c0000000,0x00000000c1f35f28,0x00000000c4300000)
 Metaspace       used 43094K, capacity 45367K, committed 45440K, reserved 1089536K
  class space    used 4453K, capacity 5220K, committed 5248K, reserved 1048576K
}
Event: 23.762 GC heap after
{Heap after GC invocations=21 (full 2):
 PSYoungGen      total 23040K, used 384K [0x00000000eab00000, 0x00000000ec500000, 0x0000000100000000)
  eden space 22016K, 0% used [0x00000000eab00000,0x00000000eab00000,0x00000000ec080000)
  from space 1024K, 37% used [0x00000000ec300000,0x00000000ec360000,0x00000000ec400000)
  to   space 1024K, 0% used [0x00000000ec400000,0x00000000ec400000,0x00000000ec500000)
 ParOldGen       total 68608K, used 32327K [0x00000000c0000000, 0x00000000c4300000, 0x00000000eab00000)
  object space 68608K, 47% used [0x00000000c0000000,0x00000000c1f91f38,0x00000000c4300000)
 Metaspace       used 43094K, capacity 45367K, committed 45440K, reserved 1089536K
  class space    used 4453K, capacity 5220K, committed 5248K, reserved 1048576K
}

