# JRE version: Java(TM) SE Runtime Environment 18.9 (11.0.9+7) (build 11.0.9+7-LTS)
# Java VM: Java HotSpot(TM) 64-Bit Server VM 18.9 (11.0.9+7-LTS, mixed mode, tiered, compressed oops, parallel gc, windows-amd64)
Heap:
 PSYoungGen      total 21504K, used 18544K [0x00000000eab00000, 0x00000000ec380000, 0x0000000100000000)
  eden space 20992K, 86% used [0x00000000eab00000,0x00000000ebca4160,0x00000000ebf80000)
  from space 512K, 93% used [0x00000000ec300000,0x00000000ec378000,0x00000000ec380000)
  to   space 1536K, 0% used [0x00000000ec080000,0x00000000ec080000,0x00000000ec200000)
 ParOldGen       total 68608K, used 28132K [0x00000000c0000000, 0x00000000c4300000, 0x00000000eab00000)
  object space 68608K, 41% used [0x00000000c0000000,0x00000000c1b790d0,0x00000000c4300000)
 Metaspace       used 37861K, capacity 40062K, committed 40192K, reserved 1085440K
  class space    used 3809K, capacity 4551K, committed 4608K, reserved 1048576K
GC Heap History (10 events):
Event: 2.800 GC heap before
{Heap before GC invocations=10 (full 2):
 PSYoungGen      total 28672K, used 28646K [0x00000000eab00000, 0x00000000ece80000, 0x0000000100000000)
  eden space 23040K, 100% used [0x00000000eab00000,0x00000000ec180000,0x00000000ec180000)
  from space 5632K, 99% used [0x00000000ec200000,0x00000000ec779908,0x00000000ec780000)
  to   space 6656K, 0% used [0x00000000ec800000,0x00000000ec800000,0x00000000ece80000)
 ParOldGen       total 68608K, used 13903K [0x00000000c0000000, 0x00000000c4300000, 0x00000000eab00000)
  object space 68608K, 20% used [0x00000000c0000000,0x00000000c0d93f18,0x00000000c4300000)
 Metaspace       used 34627K, capacity 36809K, committed 36992K, reserved 1081344K
  class space    used 3425K, capacity 4151K, committed 4224K, reserved 1048576K
}
Event: 2.808 GC heap after
{Heap after GC invocations=10 (full 2):
 PSYoungGen      total 27648K, used 6624K [0x00000000eab00000, 0x00000000ed200000, 0x0000000100000000)
  eden space 20992K, 0% used [0x00000000eab00000,0x00000000eab00000,0x00000000ebf80000)
  from space 6656K, 99% used [0x00000000ec800000,0x00000000ece78010,0x00000000ece80000)
  to   space 8704K, 0% used [0x00000000ebf80000,0x00000000ebf80000,0x00000000ec800000)
 ParOldGen       total 68608K, used 15180K [0x00000000c0000000, 0x00000000c4300000, 0x00000000eab00000)
  object space 68608K, 22% used [0x00000000c0000000,0x00000000c0ed32c8,0x00000000c4300000)
 Metaspace       used 34627K, capacity 36809K, committed 36992K, reserved 1081344K
  class space    used 3425K, capacity 4151K, committed 4224K, reserved 1048576K
}
Event: 2.827 GC heap before
{Heap before GC invocations=11 (full 2):
 PSYoungGen      total 27648K, used 27616K [0x00000000eab00000, 0x00000000ed200000, 0x0000000100000000)
  eden space 20992K, 100% used [0x00000000eab00000,0x00000000ebf80000,0x00000000ebf80000)
  from space 6656K, 99% used [0x00000000ec800000,0x00000000ece78010,0x00000000ece80000)
  to   space 8704K, 0% used [0x00000000ebf80000,0x00000000ebf80000,0x00000000ec800000)
 ParOldGen       total 68608K, used 15180K [0x00000000c0000000, 0x00000000c4300000, 0x00000000eab00000)
  object space 68608K, 22% used [0x00000000c0000000,0x00000000c0ed32c8,0x00000000c4300000)
 Metaspace       used 34634K, capacity 36809K, committed 36992K, reserved 1081344K
  class space    used 3425K, capacity 4151K, committed 4224K, reserved 1048576K
}
Event: 2.832 GC heap after
{Heap after GC invocations=11 (full 2):
 PSYoungGen      total 26624K, used 5600K [0x00000000eab00000, 0x00000000ecc80000, 0x0000000100000000)
  eden space 20992K, 0% used [0x00000000eab00000,0x00000000eab00000,0x00000000ebf80000)
  from space 5632K, 99% used [0x00000000ebf80000,0x00000000ec4f8020,0x00000000ec500000)
  to   space 6656K, 0% used [0x00000000ec600000,0x00000000ec600000,0x00000000ecc80000)
 ParOldGen       total 68608K, used 18336K [0x00000000c0000000, 0x00000000c4300000, 0x00000000eab00000)
  object space 68608K, 26% used [0x00000000c0000000,0x00000000c11e82e8,0x00000000c4300000)
 Metaspace       used 34634K, capacity 36809K, committed 36992K, reserved 1081344K
  class space    used 3425K, capacity 4151K, committed 4224K, reserved 1048576K
}
Event: 2.855 GC heap before
{Heap before GC invocations=12 (full 2):
 PSYoungGen      total 26624K, used 26592K [0x00000000eab00000, 0x00000000ecc80000, 0x0000000100000000)
  eden space 20992K, 100% used [0x00000000eab00000,0x00000000ebf80000,0x00000000ebf80000)
  from space 5632K, 99% used [0x00000000ebf80000,0x00000000ec4f8020,0x00000000ec500000)
  to   space 6656K, 0% used [0x00000000ec600000,0x00000000ec600000,0x00000000ecc80000)
 ParOldGen       total 68608K, used 18336K [0x00000000c0000000, 0x00000000c4300000, 0x00000000eab00000)
  object space 68608K, 26% used [0x00000000c0000000,0x00000000c11e82e8,0x00000000c4300000)
 Metaspace       used 34634K, capacity 36809K, committed 36992K, reserved 1081344K
  class space    used 3425K, capacity 4151K, committed 4224K, reserved 1048576K
}
Event: 2.859 GC heap after
{Heap after GC invocations=12 (full 2):
 PSYoungGen      total 25088K, used 3936K [0x00000000eab00000, 0x00000000eca00000, 0x0000000100000000)
  eden space 20992K, 0% used [0x00000000eab00000,0x00000000eab00000,0x00000000ebf80000)
  from space 4096K, 96% used [0x00000000ec600000,0x00000000ec9d8010,0x00000000eca00000)
  to   space 5120K, 0% used [0x00000000ec000000,0x00000000ec000000,0x00000000ec500000)
 ParOldGen       total 68608K, used 21905K [0x00000000c0000000, 0x00000000c4300000, 0x00000000eab00000)
  object space 68608K, 31% used [0x00000000c0000000,0x00000000c15644e8,0x00000000c4300000)
 Metaspace       used 34634K, capacity 36809K, committed 36992K, reserved 1081344K
  class space    used 3425K, capacity 4151K, committed 4224K, reserved 1048576K
}
Event: 2.889 GC heap before
{Heap before GC invocations=13 (full 2):
 PSYoungGen      total 25088K, used 24928K [0x00000000eab00000, 0x00000000eca00000, 0x0000000100000000)
  eden space 20992K, 100% used [0x00000000eab00000,0x00000000ebf80000,0x00000000ebf80000)
  from space 4096K, 96% used [0x00000000ec600000,0x00000000ec9d8010,0x00000000eca00000)
  to   space 5120K, 0% used [0x00000000ec000000,0x00000000ec000000,0x00000000ec500000)
 ParOldGen       total 68608K, used 21905K [0x00000000c0000000, 0x00000000c4300000, 0x00000000eab00000)
  object space 68608K, 31% used [0x00000000c0000000,0x00000000c15644e8,0x00000000c4300000)
 Metaspace       used 34721K, capacity 36947K, committed 37248K, reserved 1083392K
  class space    used 3431K, capacity 4154K, committed 4224K, reserved 1048576K
}
Event: 2.894 GC heap after
{Heap after GC invocations=13 (full 2):
 PSYoungGen      total 23552K, used 2464K [0x00000000eab00000, 0x00000000ec680000, 0x0000000100000000)
  eden space 20992K, 0% used [0x00000000eab00000,0x00000000eab00000,0x00000000ebf80000)
  from space 2560K, 96% used [0x00000000ec000000,0x00000000ec268000,0x00000000ec280000)
  to   space 3584K, 0% used [0x00000000ec300000,0x00000000ec300000,0x00000000ec680000)
 ParOldGen       total 68608K, used 25767K [0x00000000c0000000, 0x00000000c4300000, 0x00000000eab00000)
  object space 68608K, 37% used [0x00000000c0000000,0x00000000c1929d78,0x00000000c4300000)
 Metaspace       used 34721K, capacity 36947K, committed 37248K, reserved 1083392K
  class space    used 3431K, capacity 4154K, committed 4224K, reserved 1048576K
}
Event: 3.195 GC heap before
{Heap before GC invocations=14 (full 2):
 PSYoungGen      total 23552K, used 23456K [0x00000000eab00000, 0x00000000ec680000, 0x0000000100000000)
  eden space 20992K, 100% used [0x00000000eab00000,0x00000000ebf80000,0x00000000ebf80000)
  from space 2560K, 96% used [0x00000000ec000000,0x00000000ec268000,0x00000000ec280000)
  to   space 3584K, 0% used [0x00000000ec300000,0x00000000ec300000,0x00000000ec680000)
 ParOldGen       total 68608K, used 25767K [0x00000000c0000000, 0x00000000c4300000, 0x00000000eab00000)
  object space 68608K, 37% used [0x00000000c0000000,0x00000000c1929d78,0x00000000c4300000)
 Metaspace       used 36697K, capacity 38868K, committed 39040K, reserved 1083392K
  class space    used 3674K, capacity 4452K, committed 4480K, reserved 1048576K
}
Event: 3.198 GC heap after
{Heap after GC invocations=14 (full 2):
 PSYoungGen      total 21504K, used 480K [0x00000000eab00000, 0x00000000ec380000, 0x0000000100000000)
  eden space 20992K, 0% used [0x00000000eab00000,0x00000000eab00000,0x00000000ebf80000)
  from space 512K, 93% used [0x00000000ec300000,0x00000000ec378000,0x00000000ec380000)
  to   space 1536K, 0% used [0x00000000ec080000,0x00000000ec080000,0x00000000ec200000)
 ParOldGen       total 68608K, used 28132K [0x00000000c0000000, 0x00000000c4300000, 0x00000000eab00000)
  object space 68608K, 41% used [0x00000000c0000000,0x00000000c1b790d0,0x00000000c4300000)
 Metaspace       used 36697K, capacity 38868K, committed 39040K, reserved 1083392K
  class space    used 3674K, capacity 4452K, committed 4480K, reserved 1048576K
}

