# JRE version: Java(TM) SE Runtime Environment 18.9 (11.0.9+7) (build 11.0.9+7-LTS)
# Java VM: Java HotSpot(TM) 64-Bit Server VM 18.9 (11.0.9+7-LTS, mixed mode, tiered, compressed oops, parallel gc, windows-amd64)
Heap:
 PSYoungGen      total 23552K, used 8706K [0x00000000eab00000, 0x00000000ec680000, 0x0000000100000000)
  eden space 22016K, 32% used [0x00000000eab00000,0x00000000eb200998,0x00000000ec080000)
  from space 1536K, 100% used [0x00000000ec280000,0x00000000ec400000,0x00000000ec400000)
  to   space 2560K, 0% used [0x00000000ec400000,0x00000000ec400000,0x00000000ec680000)
 ParOldGen       total 68608K, used 28789K [0x00000000c0000000, 0x00000000c4300000, 0x00000000eab00000)
  object space 68608K, 41% used [0x00000000c0000000,0x00000000c1c1d610,0x00000000c4300000)
 Metaspace       used 41180K, capacity 43424K, committed 43776K, reserved 1087488K
  class space    used 4255K, capacity 5008K, committed 5120K, reserved 1048576K
GC Heap History (10 events):
Event: 2.267 GC heap before
{Heap before GC invocations=13 (full 2):
 PSYoungGen      total 27648K, used 27392K [0x00000000eab00000, 0x00000000ecc00000, 0x0000000100000000)
  eden space 23040K, 100% used [0x00000000eab00000,0x00000000ec180000,0x00000000ec180000)
  from space 4608K, 94% used [0x00000000ec780000,0x00000000ecbc0020,0x00000000ecc00000)
  to   space 4608K, 0% used [0x00000000ec300000,0x00000000ec300000,0x00000000ec780000)
 ParOldGen       total 68608K, used 17712K [0x00000000c0000000, 0x00000000c4300000, 0x00000000eab00000)
  object space 68608K, 25% used [0x00000000c0000000,0x00000000c114c2e0,0x00000000c4300000)
 Metaspace       used 34409K, capacity 36598K, committed 36736K, reserved 1081344K
  class space    used 3406K, capacity 4146K, committed 4224K, reserved 1048576K
}
Event: 2.271 GC heap after
{Heap after GC invocations=13 (full 2):
 PSYoungGen      total 25088K, used 2304K [0x00000000eab00000, 0x00000000ec800000, 0x0000000100000000)
  eden space 22528K, 0% used [0x00000000eab00000,0x00000000eab00000,0x00000000ec100000)
  from space 2560K, 90% used [0x00000000ec300000,0x00000000ec540010,0x00000000ec580000)
  to   space 2560K, 0% used [0x00000000ec580000,0x00000000ec580000,0x00000000ec800000)
 ParOldGen       total 68608K, used 21842K [0x00000000c0000000, 0x00000000c4300000, 0x00000000eab00000)
  object space 68608K, 31% used [0x00000000c0000000,0x00000000c1554a28,0x00000000c4300000)
 Metaspace       used 34409K, capacity 36598K, committed 36736K, reserved 1081344K
  class space    used 3406K, capacity 4146K, committed 4224K, reserved 1048576K
}
Event: 2.295 GC heap before
{Heap before GC invocations=14 (full 2):
 PSYoungGen      total 25088K, used 24832K [0x00000000eab00000, 0x00000000ec800000, 0x0000000100000000)
  eden space 22528K, 100% used [0x00000000eab00000,0x00000000ec100000,0x00000000ec100000)
  from space 2560K, 90% used [0x00000000ec300000,0x00000000ec540010,0x00000000ec580000)
  to   space 2560K, 0% used [0x00000000ec580000,0x00000000ec580000,0x00000000ec800000)
 ParOldGen       total 68608K, used 21842K [0x00000000c0000000, 0x00000000c4300000, 0x00000000eab00000)
  object space 68608K, 31% used [0x00000000c0000000,0x00000000c1554a28,0x00000000c4300000)
 Metaspace       used 34409K, capacity 36598K, committed 36736K, reserved 1081344K
  class space    used 3406K, capacity 4146K, committed 4224K, reserved 1048576K
}
Event: 2.298 GC heap after
{Heap after GC invocations=14 (full 2):
 PSYoungGen      total 24064K, used 1984K [0x00000000eab00000, 0x00000000ec780000, 0x0000000100000000)
  eden space 22016K, 0% used [0x00000000eab00000,0x00000000eab00000,0x00000000ec080000)
  from space 2048K, 96% used [0x00000000ec580000,0x00000000ec770000,0x00000000ec780000)
  to   space 2560K, 0% used [0x00000000ec280000,0x00000000ec280000,0x00000000ec500000)
 ParOldGen       total 68608K, used 24082K [0x00000000c0000000, 0x00000000c4300000, 0x00000000eab00000)
  object space 68608K, 35% used [0x00000000c0000000,0x00000000c1784a38,0x00000000c4300000)
 Metaspace       used 34409K, capacity 36598K, committed 36736K, reserved 1081344K
  class space    used 3406K, capacity 4146K, committed 4224K, reserved 1048576K
}
Event: 2.548 GC heap before
{Heap before GC invocations=15 (full 2):
 PSYoungGen      total 24064K, used 24000K [0x00000000eab00000, 0x00000000ec780000, 0x0000000100000000)
  eden space 22016K, 100% used [0x00000000eab00000,0x00000000ec080000,0x00000000ec080000)
  from space 2048K, 96% used [0x00000000ec580000,0x00000000ec770000,0x00000000ec780000)
  to   space 2560K, 0% used [0x00000000ec280000,0x00000000ec280000,0x00000000ec500000)
 ParOldGen       total 68608K, used 24082K [0x00000000c0000000, 0x00000000c4300000, 0x00000000eab00000)
  object space 68608K, 35% used [0x00000000c0000000,0x00000000c1784a38,0x00000000c4300000)
 Metaspace       used 34768K, capacity 36931K, committed 37248K, reserved 1083392K
  class space    used 3428K, capacity 4150K, committed 4224K, reserved 1048576K
}
Event: 2.551 GC heap after
{Heap after GC invocations=15 (full 2):
 PSYoungGen      total 24064K, used 1824K [0x00000000eab00000, 0x00000000ec600000, 0x0000000100000000)
  eden space 22016K, 0% used [0x00000000eab00000,0x00000000eab00000,0x00000000ec080000)
  from space 2048K, 89% used [0x00000000ec280000,0x00000000ec448000,0x00000000ec480000)
  to   space 1536K, 0% used [0x00000000ec480000,0x00000000ec480000,0x00000000ec600000)
 ParOldGen       total 68608K, used 25944K [0x00000000c0000000, 0x00000000c4300000, 0x00000000eab00000)
  object space 68608K, 37% used [0x00000000c0000000,0x00000000c19562b8,0x00000000c4300000)
 Metaspace       used 34768K, capacity 36931K, committed 37248K, reserved 1083392K
  class space    used 3428K, capacity 4150K, committed 4224K, reserved 1048576K
}
Event: 2.769 GC heap before
{Heap before GC invocations=16 (full 2):
 PSYoungGen      total 24064K, used 23840K [0x00000000eab00000, 0x00000000ec600000, 0x0000000100000000)
  eden space 22016K, 100% used [0x00000000eab00000,0x00000000ec080000,0x00000000ec080000)
  from space 2048K, 89% used [0x00000000ec280000,0x00000000ec448000,0x00000000ec480000)
  to   space 1536K, 0% used [0x00000000ec480000,0x00000000ec480000,0x00000000ec600000)
 ParOldGen       total 68608K, used 25944K [0x00000000c0000000, 0x00000000c4300000, 0x00000000eab00000)
  object space 68608K, 37% used [0x00000000c0000000,0x00000000c19562b8,0x00000000c4300000)
 Metaspace       used 37142K, capacity 39304K, committed 39552K, reserved 1085440K
  class space    used 3717K, capacity 4448K, committed 4480K, reserved 1048576K
}
Event: 2.772 GC heap after
{Heap after GC invocations=16 (full 2):
 PSYoungGen      total 23040K, used 684K [0x00000000eab00000, 0x00000000ec580000, 0x0000000100000000)
  eden space 22016K, 0% used [0x00000000eab00000,0x00000000eab00000,0x00000000ec080000)
  from space 1024K, 66% used [0x00000000ec480000,0x00000000ec52b240,0x00000000ec580000)
  to   space 1536K, 0% used [0x00000000ec280000,0x00000000ec280000,0x00000000ec400000)
 ParOldGen       total 68608K, used 27741K [0x00000000c0000000, 0x00000000c4300000, 0x00000000eab00000)
  object space 68608K, 40% used [0x00000000c0000000,0x00000000c1b17610,0x00000000c4300000)
 Metaspace       used 37142K, capacity 39304K, committed 39552K, reserved 1085440K
  class space    used 3717K, capacity 4448K, committed 4480K, reserved 1048576K
}
Event: 3.007 GC heap before
{Heap before GC invocations=17 (full 2):
 PSYoungGen      total 23040K, used 22700K [0x00000000eab00000, 0x00000000ec580000, 0x0000000100000000)
  eden space 22016K, 100% used [0x00000000eab00000,0x00000000ec080000,0x00000000ec080000)
  from space 1024K, 66% used [0x00000000ec480000,0x00000000ec52b240,0x00000000ec580000)
  to   space 1536K, 0% used [0x00000000ec280000,0x00000000ec280000,0x00000000ec400000)
 ParOldGen       total 68608K, used 27741K [0x00000000c0000000, 0x00000000c4300000, 0x00000000eab00000)
  object space 68608K, 40% used [0x00000000c0000000,0x00000000c1b17610,0x00000000c4300000)
 Metaspace       used 39995K, capacity 42166K, committed 42240K, reserved 1087488K
  class space    used 4086K, capacity 4847K, committed 4864K, reserved 1048576K
}
Event: 3.009 GC heap after
{Heap after GC invocations=17 (full 2):
 PSYoungGen      total 23552K, used 1536K [0x00000000eab00000, 0x00000000ec680000, 0x0000000100000000)
  eden space 22016K, 0% used [0x00000000eab00000,0x00000000eab00000,0x00000000ec080000)
  from space 1536K, 100% used [0x00000000ec280000,0x00000000ec400000,0x00000000ec400000)
  to   space 2560K, 0% used [0x00000000ec400000,0x00000000ec400000,0x00000000ec680000)
 ParOldGen       total 68608K, used 28789K [0x00000000c0000000, 0x00000000c4300000, 0x00000000eab00000)
  object space 68608K, 41% used [0x00000000c0000000,0x00000000c1c1d610,0x00000000c4300000)
 Metaspace       used 39995K, capacity 42166K, committed 42240K, reserved 1087488K
  class space    used 4086K, capacity 4847K, committed 4864K, reserved 1048576K
}

